<?xml version="1.0" encoding="UTF-8"?>
<testsuite xmlns:xsi="http://www.w3.org/2001/XMLSchema-instance" xsi:noNamespaceSchemaLocation="https://maven.apache.org/surefire/maven-surefire-plugin/xsd/surefire-test-report-3.0.xsd" version="3.0" name="TestRunnerTest" time="49.115" tests="30" errors="6" skipped="0" failures="0">
  <properties>
[...]
</properties>
  <testcase name="Create a new Project with JSON {Normal Flow}" classname="StepDefinitions.TestRunnerTest" time="3.366"/>
  <testcase name="Create a new Project with XML {Alternative Flow}" classname="StepDefinitions.TestRunnerTest" time="1.593"/>
  <testcase name="Create a new project in JSON format but giving a XML format {Error Flow}" classname="StepDefinitions.TestRunnerTest" time="1.636">
    <error message="&quot;the error message is &quot;&quot;java.lang.IllegalStateException: Expected BEGIN_OBJECT but was STRING at line 1 column 1 path $&quot;&quot;&quot; matches more than one step definition:&#10;  &quot;the error message is &quot;&quot;java.lang.IllegalStateException: Expected BEGIN_OBJECT but was STRING at line 1 column 1 path $&quot;&quot;&quot; in StepDefinitions.CreateProjectTests.assertErrorMessage()&#10;  &quot;the error message is &quot;{string}&quot;&quot; in StepDefinitions.ViewProjectTests.assertErrorMessage(java.lang.String)" type="io.cucumber.core.runner.AmbiguousStepDefinitionsException">io.cucumber.core.runner.AmbiguousStepDefinitionsException: 
"the error message is ""java.lang.IllegalStateException: Expected BEGIN_OBJECT but was STRING at line 1 column 1 path $""" matches more than one step definition:
  "the error message is ""java.lang.IllegalStateException: Expected BEGIN_OBJECT but was STRING at line 1 column 1 path $""" in StepDefinitions.CreateProjectTests.assertErrorMessage()
  "the error message is "{string}"" in StepDefinitions.ViewProjectTests.assertErrorMessage(java.lang.String)
</error>
    <system-out><![CDATA[
Sending Request:
Payload: <project><title>House work</title><description>Household chores</description></project>
Content-Type: application/xml
Raw Response: {"id":"2","title":"House work","completed":"false","active":"false","description":"Household chores"}
]]></system-out>
  </testcase>
  <testcase name="Create a new todo with JSON {Normal Flow}" classname="StepDefinitions.TestRunnerTest" time="1.596"/>
  <testcase name="Create a new todo with XML {Alternate Flow}" classname="StepDefinitions.TestRunnerTest" time="1.605"/>
  <testcase name="Create todo with no title {Error Flow}" classname="StepDefinitions.TestRunnerTest" time="1.585"/>
  <testcase name="Delete a project with JSON {Normal Flow}" classname="StepDefinitions.TestRunnerTest" time="1.579"/>
  <testcase name="Delete a project with XML {Alternate Flow}" classname="StepDefinitions.TestRunnerTest" time="1.573"/>
  <testcase name="Delete a nonexistent project {Error Flow}" classname="StepDefinitions.TestRunnerTest" time="1.615">
    <error message="The step &apos;the error is Could not find any instances with projects\/{int}&apos; is undefined.&#10;You can implement this step using the snippet(s) below:&#10;&#10;@Then(&quot;the error is Could not find any instances with projects\\\\/\\{int}&quot;)&#10;public void the_error_is_could_not_find_any_instances_with_projects() {&#10;    // Write code here that turns the phrase above into concrete actions&#10;    throw new io.cucumber.java.PendingException();&#10;}&#10;" type="io.cucumber.junit.platform.engine.UndefinedStepException">io.cucumber.junit.platform.engine.UndefinedStepException: 
The step 'the error is Could not find any instances with projects\/{int}' is undefined.
You can implement this step using the snippet(s) below:

@Then("the error is Could not find any instances with projects\\\\/\\{int}")
public void the_error_is_could_not_find_any_instances_with_projects() {
    // Write code here that turns the phrase above into concrete actions
    throw new io.cucumber.java.PendingException();
}

</error>
  </testcase>
  <testcase name="Delete a todo with JSON {Normal Flow}" classname="StepDefinitions.TestRunnerTest" time="1.582"/>
  <testcase name="Delete a todo with XML {Alternate Flow}" classname="StepDefinitions.TestRunnerTest" time="1.583"/>
  <testcase name="Delete a nonexistent todo {Error Flow}" classname="StepDefinitions.TestRunnerTest" time="1.595">
    <error message="The step &apos;the error message is Could not find any instances with todos/25&apos; is undefined.&#10;You can implement this step using the snippet(s) below:&#10;&#10;@Then(&quot;the error message is Could not find any instances with todos\\/{int}&quot;)&#10;public void the_error_message_is_could_not_find_any_instances_with_todos(Integer int1) {&#10;    // Write code here that turns the phrase above into concrete actions&#10;    throw new io.cucumber.java.PendingException();&#10;}&#10;" type="io.cucumber.junit.platform.engine.UndefinedStepException">io.cucumber.junit.platform.engine.UndefinedStepException: 
The step 'the error message is Could not find any instances with todos/25' is undefined.
You can implement this step using the snippet(s) below:

@Then("the error message is Could not find any instances with todos\\/{int}")
public void the_error_message_is_could_not_find_any_instances_with_todos(Integer int1) {
    // Write code here that turns the phrase above into concrete actions
    throw new io.cucumber.java.PendingException();
}

</error>
  </testcase>
  <testcase name="Update a todo with POST {Normal Flow}" classname="StepDefinitions.TestRunnerTest" time="1.571"/>
  <testcase name="Update a todo with PUT {Alternate Flow}" classname="StepDefinitions.TestRunnerTest" time="1.566"/>
  <testcase name="Update a todo to have no information {Error Flow}" classname="StepDefinitions.TestRunnerTest" time="1.606">
    <error message="Server returned HTTP response code: 400 for URL: http://localhost:4567/todos/1" type="java.io.IOException">java.io.IOException: Server returned HTTP response code: 400 for URL: http://localhost:4567/todos/1
Caused by: java.io.IOException: Server returned HTTP response code: 400 for URL: http://localhost:4567/todos/1
</error>
  </testcase>
  <testcase name="View all projects {Normal Flow}" classname="StepDefinitions.TestRunnerTest" time="1.565"/>
  <testcase name="View filtered projects {Alternate Flow}" classname="StepDefinitions.TestRunnerTest" time="1.556"/>
  <testcase name="Filter by nonexistant parameter {Error Flow}" classname="StepDefinitions.TestRunnerTest" time="1.55"/>
  <testcase name="Filter by nonexistant parameter {Error Flow}" classname="StepDefinitions.TestRunnerTest" time="1.561"/>
  <testcase name="View all todos {Normal Flow}" classname="StepDefinitions.TestRunnerTest" time="1.555"/>
  <testcase name="View filtered todos {Alternate Flow}" classname="StepDefinitions.TestRunnerTest" time="1.541"/>
  <testcase name="View a single todo by ID with JSON format {Normal Flow}" classname="StepDefinitions.TestRunnerTest" time="1.552"/>
  <testcase name="View a single todo by ID with XML format {Alternative Flow}" classname="StepDefinitions.TestRunnerTest" time="1.55"/>
  <testcase name="View a nonexistant project {Error Flow}" classname="StepDefinitions.TestRunnerTest" time="1.584">
    <error message="The step &apos;the error message is &quot;Could not find an instance with projects/25&quot;&apos; is undefined.&#10;You can implement this step using the snippet(s) below:&#10;&#10;@Then(&quot;the error message is {string}&quot;)&#10;public void the_error_message_is(String string) {&#10;    // Write code here that turns the phrase above into concrete actions&#10;    throw new io.cucumber.java.PendingException();&#10;}&#10;" type="io.cucumber.junit.platform.engine.UndefinedStepException">io.cucumber.junit.platform.engine.UndefinedStepException: 
The step 'the error message is "Could not find an instance with projects/25"' is undefined.
You can implement this step using the snippet(s) below:

@Then("the error message is {string}")
public void the_error_message_is(String string) {
    // Write code here that turns the phrase above into concrete actions
    throw new io.cucumber.java.PendingException();
}

</error>
  </testcase>
  <testcase name="View the tasks of project by ID with JSON format {Normal Flow}" classname="StepDefinitions.TestRunnerTest" time="1.57"/>
  <testcase name="View the tasks of project by ID with XML format {Alternative Flow}" classname="StepDefinitions.TestRunnerTest" time="1.555"/>
  <testcase name="View the tasks of a nonexistant project {Error Flow}" classname="StepDefinitions.TestRunnerTest" time="1.541"/>
  <testcase name="View a single todo by ID with JSON {Normal Flow}" classname="StepDefinitions.TestRunnerTest" time="1.539"/>
  <testcase name="View a single todo by ID with XML format {Alternate Flow}" classname="StepDefinitions.TestRunnerTest" time="1.53"/>
  <testcase name="View a nonexistant todo {Error Flow}" classname="StepDefinitions.TestRunnerTest" time="1.543">
    <error message="The step &apos;the message is Could not find any instances with todos/25}&apos; is undefined.&#10;You can implement this step using the snippet(s) below:&#10;&#10;@Then(&quot;the message is Could not find any instances with todos\\/{int}}&quot;)&#10;public void the_message_is_could_not_find_any_instances_with_todos(Integer int1) {&#10;    // Write code here that turns the phrase above into concrete actions&#10;    throw new io.cucumber.java.PendingException();&#10;}&#10;" type="io.cucumber.junit.platform.engine.UndefinedStepException">io.cucumber.junit.platform.engine.UndefinedStepException: 
The step 'the message is Could not find any instances with todos/25}' is undefined.
You can implement this step using the snippet(s) below:

@Then("the message is Could not find any instances with todos\\/{int}}")
public void the_message_is_could_not_find_any_instances_with_todos(Integer int1) {
    // Write code here that turns the phrase above into concrete actions
    throw new io.cucumber.java.PendingException();
}

</error>
  </testcase>
</testsuite>