<?xml version="1.0" encoding="UTF-8"?>
<testsuite xmlns:xsi="http://www.w3.org/2001/XMLSchema-instance" xsi:noNamespaceSchemaLocation="https://maven.apache.org/surefire/maven-surefire-plugin/xsd/surefire-test-report-3.0.xsd" version="3.0" name="Todo_XML_Failure_Behaviour" time="9.999" tests="6" errors="0" skipped="0" failures="0">
  <properties>
[...]
</properties>
  <testcase name="testDeleteTodoProjectRelationship" classname="Todo_XML_Failure_Behaviour" time="1.628"/>
  <testcase name="testUpdateTodoPut" classname="Todo_XML_Failure_Behaviour" time="1.749"/>
  <testcase name="testDeleteTodoCategoryRelationship" classname="Todo_XML_Failure_Behaviour" time="1.612"/>
  <testcase name="testCreateTodo" classname="Todo_XML_Failure_Behaviour" time="1.658"/>
  <testcase name="testDeleteTodo" classname="Todo_XML_Failure_Behaviour" time="1.72"/>
  <testcase name="getTodoFailure" classname="Todo_XML_Failure_Behaviour" time="1.63"/>
</testsuite>